#
# An unexpected error has been detected by Java Runtime Environment:
#
#  EXCEPTION_ACCESS_VIOLATION (0xc0000005) at pc=0x7c901010, pid=3300, tid=5324
#
# Java VM: Java HotSpot(TM) Client VM (1.6.0_03-b05 mixed mode, sharing)
# Problematic frame:
# C  [ntdll.dll+0x1010]
#
# If you would like to submit a bug report, please visit:
#   http://java.sun.com/webapps/bugreport/crash.jsp
#

---------------  T H R E A D  ---------------

Current thread (0x02aec800):  JavaThread "AWT-EventQueue-0" [_thread_in_native, id=5324]

siginfo: ExceptionCode=0xc0000005, reading address 0x00000018

Registers:
EAX=0x00000004, EBX=0x273dadf0, ECX=0x7ffad000, EDX=0x00000004
ESP=0x02faf1b8, EBP=0x02faf1d0, ESI=0x00000000, EDI=0x03972400
EIP=0x7c901010, EFLAGS=0x00010246

Top of Stack: (sp=0x02faf1b8)
0x02faf1b8:   74355a16 00000004 03972424 7432139f
0x02faf1c8:   03972424 03972400 02faf1e0 74322c5d
0x02faf1d8:   03972424 02aec8ec 02faf1f4 74325fa0
0x02faf1e8:   03972400 74350000 00000001 02faf210
0x02faf1f8:   7432740e 03972400 02faf230 00000003
0x02faf208:   035b8140 02aec8ec 02faf228 6d4a124e
0x02faf218:   03972400 02faf230 02aec800 273dadf0
0x02faf228:   02faf26c 0091a430 00000000 02faf288 

Instructions: (pc=0x7c901010)
0x7c901000:   90 90 90 90 90 64 8b 0d 18 00 00 00 8b 54 24 04
0x7c901010:   83 7a 14 00 75 4f f0 ff 42 04 75 19 8b 41 24 89 


Stack: [0x02f60000,0x02fb0000),  sp=0x02faf1b8,  free space=316k
Native frames: (J=compiled Java code, j=interpreted, Vv=VM code, C=native code)
C  [ntdll.dll+0x1010]
C  [ODBC32.dll+0x2c5d]
C  [ODBC32.dll+0x5fa0]
C  [ODBC32.dll+0x740e]
C  [JdbcOdbc.dll+0x124e]
j  sun.jdbc.odbc.JdbcOdbc.allocStmt(J[B)J+0
j  sun.jdbc.odbc.JdbcOdbc.SQLAllocStmt(J)J+47
j  sun.jdbc.odbc.JdbcOdbcConnection.prepareStatement(Ljava/lang/String;II)Ljava/sql/PreparedStatement;+55
j  sun.jdbc.odbc.JdbcOdbcConnection.prepareStatement(Ljava/lang/String;)Ljava/sql/PreparedStatement;+8
j  communicator.DB.DBModel.getUsersByDepartment(Ljava/lang/String;)Ljava/util/ArrayList;+38
j  comapp.SendMulti.jButton1ActionPerformed(Ljava/awt/event/ActionEvent;)V+27
j  comapp.SendMulti.access$000(Lcomapp/SendMulti;Ljava/awt/event/ActionEvent;)V+2
j  comapp.SendMulti$1.actionPerformed(Ljava/awt/event/ActionEvent;)V+5
j  javax.swing.AbstractButton.fireActionPerformed(Ljava/awt/event/ActionEvent;)V+84
j  javax.swing.AbstractButton$Handler.actionPerformed(Ljava/awt/event/ActionEvent;)V+5
j  javax.swing.DefaultButtonModel.fireActionPerformed(Ljava/awt/event/ActionEvent;)V+35
j  javax.swing.DefaultButtonModel.setPressed(Z)V+117
j  javax.swing.plaf.basic.BasicButtonListener.mouseReleased(Ljava/awt/event/MouseEvent;)V+35
j  java.awt.Component.processMouseEvent(Ljava/awt/event/MouseEvent;)V+64
j  javax.swing.JComponent.processMouseEvent(Ljava/awt/event/MouseEvent;)V+23
j  java.awt.Component.processEvent(Ljava/awt/AWTEvent;)V+81
j  java.awt.Container.processEvent(Ljava/awt/AWTEvent;)V+18
j  java.awt.Component.dispatchEventImpl(Ljava/awt/AWTEvent;)V+562
j  java.awt.Container.dispatchEventImpl(Ljava/awt/AWTEvent;)V+42
j  java.awt.Component.dispatchEvent(Ljava/awt/AWTEvent;)V+2
j  java.awt.LightweightDispatcher.retargetMouseEvent(Ljava/awt/Component;ILjava/awt/event/MouseEvent;)V+320
j  java.awt.LightweightDispatcher.processMouseEvent(Ljava/awt/event/MouseEvent;)Z+139
j  java.awt.LightweightDispatcher.dispatchEvent(Ljava/awt/AWTEvent;)Z+50
j  java.awt.Container.dispatchEventImpl(Ljava/awt/AWTEvent;)V+12
j  java.awt.Window.dispatchEventImpl(Ljava/awt/AWTEvent;)V+19
j  java.awt.Component.dispatchEvent(Ljava/awt/AWTEvent;)V+2
j  java.awt.EventQueue.dispatchEvent(Ljava/awt/AWTEvent;)V+46
j  java.awt.EventDispatchThread.pumpOneEventForFilters(I)Z+156
j  java.awt.EventDispatchThread.pumpEventsForFilter(ILjava/awt/Conditional;Ljava/awt/EventFilter;)V+30
j  java.awt.EventDispatchThread.pumpEventsForHierarchy(ILjava/awt/Conditional;Ljava/awt/Component;)V+11
j  java.awt.EventDispatchThread.pumpEvents(ILjava/awt/Conditional;)V+4
j  java.awt.EventDispatchThread.pumpEvents(Ljava/awt/Conditional;)V+3
j  java.awt.EventDispatchThread.run()V+9
v  ~StubRoutines::call_stub

Java frames: (J=compiled Java code, j=interpreted, Vv=VM code)
j  sun.jdbc.odbc.JdbcOdbc.allocStmt(J[B)J+0
j  sun.jdbc.odbc.JdbcOdbc.SQLAllocStmt(J)J+47
j  sun.jdbc.odbc.JdbcOdbcConnection.prepareStatement(Ljava/lang/String;II)Ljava/sql/PreparedStatement;+55
j  sun.jdbc.odbc.JdbcOdbcConnection.prepareStatement(Ljava/lang/String;)Ljava/sql/PreparedStatement;+8
j  communicator.DB.DBModel.getUsersByDepartment(Ljava/lang/String;)Ljava/util/ArrayList;+38
j  comapp.SendMulti.jButton1ActionPerformed(Ljava/awt/event/ActionEvent;)V+27
j  comapp.SendMulti.access$000(Lcomapp/SendMulti;Ljava/awt/event/ActionEvent;)V+2
j  comapp.SendMulti$1.actionPerformed(Ljava/awt/event/ActionEvent;)V+5
j  javax.swing.AbstractButton.fireActionPerformed(Ljava/awt/event/ActionEvent;)V+84
j  javax.swing.AbstractButton$Handler.actionPerformed(Ljava/awt/event/ActionEvent;)V+5
j  javax.swing.DefaultButtonModel.fireActionPerformed(Ljava/awt/event/ActionEvent;)V+35
j  javax.swing.DefaultButtonModel.setPressed(Z)V+117
j  javax.swing.plaf.basic.BasicButtonListener.mouseReleased(Ljava/awt/event/MouseEvent;)V+35
j  java.awt.Component.processMouseEvent(Ljava/awt/event/MouseEvent;)V+64
j  javax.swing.JComponent.processMouseEvent(Ljava/awt/event/MouseEvent;)V+23
j  java.awt.Component.processEvent(Ljava/awt/AWTEvent;)V+81
j  java.awt.Container.processEvent(Ljava/awt/AWTEvent;)V+18
j  java.awt.Component.dispatchEventImpl(Ljava/awt/AWTEvent;)V+562
j  java.awt.Container.dispatchEventImpl(Ljava/awt/AWTEvent;)V+42
j  java.awt.Component.dispatchEvent(Ljava/awt/AWTEvent;)V+2
j  java.awt.LightweightDispatcher.retargetMouseEvent(Ljava/awt/Component;ILjava/awt/event/MouseEvent;)V+320
j  java.awt.LightweightDispatcher.processMouseEvent(Ljava/awt/event/MouseEvent;)Z+139
j  java.awt.LightweightDispatcher.dispatchEvent(Ljava/awt/AWTEvent;)Z+50
j  java.awt.Container.dispatchEventImpl(Ljava/awt/AWTEvent;)V+12
j  java.awt.Window.dispatchEventImpl(Ljava/awt/AWTEvent;)V+19
j  java.awt.Component.dispatchEvent(Ljava/awt/AWTEvent;)V+2
j  java.awt.EventQueue.dispatchEvent(Ljava/awt/AWTEvent;)V+46
j  java.awt.EventDispatchThread.pumpOneEventForFilters(I)Z+156
j  java.awt.EventDispatchThread.pumpEventsForFilter(ILjava/awt/Conditional;Ljava/awt/EventFilter;)V+30
j  java.awt.EventDispatchThread.pumpEventsForHierarchy(ILjava/awt/Conditional;Ljava/awt/Component;)V+11
j  java.awt.EventDispatchThread.pumpEvents(ILjava/awt/Conditional;)V+4
j  java.awt.EventDispatchThread.pumpEvents(Ljava/awt/Conditional;)V+3
j  java.awt.EventDispatchThread.run()V+9
v  ~StubRoutines::call_stub

---------------  P R O C E S S  ---------------

Java Threads: ( => current thread )
  0x0358f000 JavaThread "TimerQueue" daemon [_thread_blocked, id=5968]
  0x031abc00 JavaThread "Image Fetcher 3" daemon [_thread_blocked, id=4784]
  0x0316a800 JavaThread "Image Fetcher 2" daemon [_thread_blocked, id=4908]
  0x03126c00 JavaThread "Image Fetcher 1" daemon [_thread_blocked, id=4488]
  0x02b2d800 JavaThread "Image Fetcher 0" daemon [_thread_blocked, id=4108]
  0x00296400 JavaThread "DestroyJavaVM" [_thread_blocked, id=4904]
=>0x02aec800 JavaThread "AWT-EventQueue-0" [_thread_in_native, id=5324]
  0x02aeb400 JavaThread "AWT-Windows" daemon [_thread_in_native, id=6008]
  0x02aea400 JavaThread "AWT-Shutdown" [_thread_blocked, id=4516]
  0x02ae2800 JavaThread "Java2D Disposer" daemon [_thread_blocked, id=4816]
  0x02a93800 JavaThread "Low Memory Detector" daemon [_thread_blocked, id=4652]
  0x02a8ec00 JavaThread "CompilerThread0" daemon [_thread_blocked, id=5360]
  0x02a8d800 JavaThread "Attach Listener" daemon [_thread_blocked, id=4420]
  0x02a8cc00 JavaThread "Signal Dispatcher" daemon [_thread_blocked, id=3972]
  0x02a51800 JavaThread "Finalizer" daemon [_thread_blocked, id=5720]
  0x02a4d400 JavaThread "Reference Handler" daemon [_thread_blocked, id=3504]

Other Threads:
  0x02a4c000 VMThread [id=3128]
  0x02aae400 WatcherThread [id=1420]

VM state:not at safepoint (normal execution)

VM Mutex/Monitor currently owned by a thread: None

Heap
 def new generation   total 960K, used 395K [0x231c0000, 0x232c0000, 0x236a0000)
  eden space 896K,  36% used [0x231c0000, 0x23212c58, 0x232a0000)
  from space 64K, 100% used [0x232a0000, 0x232b0000, 0x232b0000)
  to   space 64K,   0% used [0x232b0000, 0x232b0000, 0x232c0000)
 tenured generation   total 4096K, used 1149K [0x236a0000, 0x23aa0000, 0x271c0000)
   the space 4096K,  28% used [0x236a0000, 0x237bf4a0, 0x237bf600, 0x23aa0000)
 compacting perm gen  total 12288K, used 2580K [0x271c0000, 0x27dc0000, 0x2b1c0000)
   the space 12288K,  21% used [0x271c0000, 0x27445368, 0x27445400, 0x27dc0000)
    ro space 8192K,  66% used [0x2b1c0000, 0x2b70f860, 0x2b70fa00, 0x2b9c0000)
    rw space 12288K,  52% used [0x2b9c0000, 0x2c00f078, 0x2c00f200, 0x2c5c0000)

Dynamic libraries:
0x00400000 - 0x00423000 	C:\Program Files\Java\jdk1.6.0_03\bin\java.exe
0x7c900000 - 0x7c9b0000 	C:\WINDOWS\system32\ntdll.dll
0x7c800000 - 0x7c8f4000 	C:\WINDOWS\system32\kernel32.dll
0x77dd0000 - 0x77e6b000 	C:\WINDOWS\system32\ADVAPI32.dll
0x77e70000 - 0x77f01000 	C:\WINDOWS\system32\RPCRT4.dll
0x7c340000 - 0x7c396000 	C:\Program Files\Java\jdk1.6.0_03\jre\bin\msvcr71.dll
0x6d870000 - 0x6daba000 	C:\Program Files\Java\jdk1.6.0_03\jre\bin\client\jvm.dll
0x77d40000 - 0x77dd0000 	C:\WINDOWS\system32\USER32.dll
0x77f10000 - 0x77f56000 	C:\WINDOWS\system32\GDI32.dll
0x76b40000 - 0x76b6d000 	C:\WINDOWS\system32\WINMM.dll
0x6d3c0000 - 0x6d3c8000 	C:\Program Files\Java\jdk1.6.0_03\jre\bin\hpi.dll
0x76bf0000 - 0x76bfb000 	C:\WINDOWS\system32\PSAPI.DLL
0x6d820000 - 0x6d82c000 	C:\Program Files\Java\jdk1.6.0_03\jre\bin\verify.dll
0x6d460000 - 0x6d47f000 	C:\Program Files\Java\jdk1.6.0_03\jre\bin\java.dll
0x6d860000 - 0x6d86f000 	C:\Program Files\Java\jdk1.6.0_03\jre\bin\zip.dll
0x6d0b0000 - 0x6d273000 	C:\Program Files\Java\jdk1.6.0_03\jre\bin\awt.dll
0x73000000 - 0x73026000 	C:\WINDOWS\system32\WINSPOOL.DRV
0x77c10000 - 0x77c68000 	C:\WINDOWS\system32\msvcrt.dll
0x76390000 - 0x763ad000 	C:\WINDOWS\system32\IMM32.dll
0x774e0000 - 0x7761c000 	C:\WINDOWS\system32\ole32.dll
0x5ad70000 - 0x5ada8000 	C:\WINDOWS\system32\uxtheme.dll
0x73760000 - 0x737a9000 	C:\WINDOWS\system32\ddraw.dll
0x73bc0000 - 0x73bc6000 	C:\WINDOWS\system32\DCIMAN32.dll
0x74720000 - 0x7476b000 	C:\WINDOWS\system32\MSCTF.dll
0x7c9c0000 - 0x7d1d4000 	C:\WINDOWS\system32\shell32.dll
0x77f60000 - 0x77fd6000 	C:\WINDOWS\system32\SHLWAPI.dll
0x773d0000 - 0x774d2000 	C:\WINDOWS\WinSxS\x86_Microsoft.Windows.Common-Controls_6595b64144ccf1df_6.0.2600.2180_x-ww_a84f1ff9\comctl32.dll
0x5d090000 - 0x5d127000 	C:\WINDOWS\system32\comctl32.dll
0x6d360000 - 0x6d3b3000 	C:\Program Files\Java\jdk1.6.0_03\jre\bin\fontmanager.dll
0x6d620000 - 0x6d633000 	C:\Program Files\Java\jdk1.6.0_03\jre\bin\net.dll
0x71ab0000 - 0x71ac7000 	C:\WINDOWS\system32\WS2_32.dll
0x71aa0000 - 0x71aa8000 	C:\WINDOWS\system32\WS2HELP.dll
0x6d640000 - 0x6d649000 	C:\Program Files\Java\jdk1.6.0_03\jre\bin\nio.dll
0x77120000 - 0x771ac000 	C:\WINDOWS\system32\OLEAUT32.DLL
0x6d4a0000 - 0x6d4ad000 	C:\Program Files\Java\jdk1.6.0_03\jre\bin\JdbcOdbc.dll
0x74320000 - 0x7435d000 	C:\WINDOWS\system32\ODBC32.dll
0x763b0000 - 0x763f9000 	C:\WINDOWS\system32\comdlg32.dll
0x20000000 - 0x20017000 	C:\WINDOWS\system32\odbcint.dll
0x5fe80000 - 0x5fe9b000 	C:\WINDOWS\system32\odbccp32.dll
0x77c00000 - 0x77c08000 	C:\WINDOWS\system32\VERSION.dll
0x77fe0000 - 0x77ff1000 	C:\WINDOWS\system32\Secur32.dll
0x4dd40000 - 0x4dd84000 	C:\WINDOWS\system32\odbcjt32.dll
0x1b000000 - 0x1b170000 	C:\WINDOWS\system32\msjet40.dll
0x1b5d0000 - 0x1b665000 	C:\WINDOWS\system32\mswstr10.dll
0x5d130000 - 0x5d13e000 	C:\WINDOWS\system32\odbcji32.dll
0x1b2c0000 - 0x1b2cd000 	C:\WINDOWS\system32\msjter40.dll
0x1b2d0000 - 0x1b2f6000 	C:\WINDOWS\system32\MSJINT40.DLL
0x76fd0000 - 0x7704f000 	C:\WINDOWS\system32\CLBCATQ.DLL
0x77050000 - 0x77115000 	C:\WINDOWS\system32\COMRes.dll
0x1b810000 - 0x1b84a000 	C:\WINDOWS\system32\msjtes40.dll
0x0f9a0000 - 0x0f9ab000 	C:\WINDOWS\system32\VBAJET32.DLL
0x0f9c0000 - 0x0fa22000 	C:\WINDOWS\system32\expsrv.dll

VM Arguments:
jvm_args: -Dfile.encoding=UTF-8
java_command: comapp.ComApp
Launcher Type: SUN_STANDARD

Environment Variables:
CLASSPATH=C:\Program Files\Apache Software Foundation\Tomcat 6.0\webapps\ROOT\trial\mysql-connector-java-5.1.6-bin.jar;.
PATH=C:\WINDOWS\system32;C:\WINDOWS;C:\WINDOWS\system32\WBEM;C:\xampp\php\;C:\WINDOWS\Microsoft.NET\Framework\v2.0.50727;C:\Program Files\Microsoft Visual Studio 8\VC;C:\Program Files\Java\jdk1.6.0_03\bin
USERNAME=flyhigh
OS=Windows_NT
PROCESSOR_IDENTIFIER=x86 Family 15 Model 95 Stepping 3, AuthenticAMD



---------------  S Y S T E M  ---------------

OS: Windows XP Build 2600 Service Pack 2

CPU:total 1 (1 cores per cpu, 1 threads per core) family 15 model 95 stepping 3, cmov, cx8, fxsr, mmx, sse, sse2, sse3, mmxext, 3dnow, 3dnowext

Memory: 4k page, physical 1965232k(1006120k free), swap 3904704k(3092232k free)

vm_info: Java HotSpot(TM) Client VM (1.6.0_03-b05) for windows-x86, built on Sep 24 2007 22:24:33 by "java_re" with unknown MS VC++:1310

